<?xml version="1.0" encoding="UTF-8" ?>
<testsuite tests="21" failures="0" name="ioc.femcoworking.dto.UsuariBOTest" time="1.327" errors="0" skipped="0">
  <properties>
    <property name="java.runtime.name" value="Java(TM) SE Runtime Environment"/>
    <property name="sun.boot.library.path" value="/Library/Java/JavaVirtualMachines/jdk1.8.0_71.jdk/Contents/Home/jre/lib"/>
    <property name="java.vm.version" value="25.71-b15"/>
    <property name="gopherProxySet" value="false"/>
    <property name="java.vm.vendor" value="Oracle Corporation"/>
    <property name="maven.multiModuleProjectDirectory" value="/Users/marc/MEGAsync/ioc/M13/maven_femcoworking_client"/>
    <property name="java.vendor.url" value="http://java.oracle.com/"/>
    <property name="path.separator" value=":"/>
    <property name="guice.disable.misplaced.annotation.check" value="true"/>
    <property name="java.vm.name" value="Java HotSpot(TM) 64-Bit Server VM"/>
    <property name="file.encoding.pkg" value="sun.io"/>
    <property name="user.country" value="ES"/>
    <property name="sun.java.launcher" value="SUN_STANDARD"/>
    <property name="sun.os.patch.level" value="unknown"/>
    <property name="test" value="ioc.femcoworking.dto.UsuariBOTest"/>
    <property name="java.vm.specification.name" value="Java Virtual Machine Specification"/>
    <property name="user.dir" value="/Users/marc/MEGAsync/ioc/M13/maven_femcoworking_client"/>
    <property name="java.runtime.version" value="1.8.0_71-b15"/>
    <property name="java.awt.graphicsenv" value="sun.awt.CGraphicsEnvironment"/>
    <property name="java.endorsed.dirs" value="/Library/Java/JavaVirtualMachines/jdk1.8.0_71.jdk/Contents/Home/jre/lib/endorsed"/>
    <property name="os.arch" value="x86_64"/>
    <property name="java.io.tmpdir" value="/var/folders/ys/khnpjsh969gbx3m4fd7psxr80000gn/T/"/>
    <property name="line.separator" value="
"/>
    <property name="java.vm.specification.vendor" value="Oracle Corporation"/>
    <property name="os.name" value="Mac OS X"/>
    <property name="maven.ext.class.path" value="/Applications/NetBeans/Apache NetBeans 12.0.app/Contents/Resources/NetBeans/netbeans/java/maven-nblib/netbeans-eventspy.jar"/>
    <property name="classworlds.conf" value="/Applications/NetBeans/Apache NetBeans 12.0.app/Contents/Resources/NetBeans/netbeans/java/maven/bin/m2.conf"/>
    <property name="sun.jnu.encoding" value="UTF-8"/>
    <property name="java.library.path" value="/Users/marc/Library/Java/Extensions:/Library/Java/Extensions:/Network/Library/Java/Extensions:/System/Library/Java/Extensions:/usr/lib/java:."/>
    <property name="maven.conf" value="/Applications/NetBeans/Apache NetBeans 12.0.app/Contents/Resources/NetBeans/netbeans/java/maven/conf"/>
    <property name="java.specification.name" value="Java Platform API Specification"/>
    <property name="java.class.version" value="52.0"/>
    <property name="sun.management.compiler" value="HotSpot 64-Bit Tiered Compilers"/>
    <property name="os.version" value="10.15.6"/>
    <property name="http.nonProxyHosts" value="local|*.local|169.254/16|*.169.254/16"/>
    <property name="library.jansi.path" value="/Applications/NetBeans/Apache NetBeans 12.0.app/Contents/Resources/NetBeans/netbeans/java/maven/lib/jansi-native"/>
    <property name="user.home" value="/Users/marc"/>
    <property name="user.timezone" value="Europe/Madrid"/>
    <property name="java.awt.printerjob" value="sun.lwawt.macosx.CPrinterJob"/>
    <property name="java.specification.version" value="1.8"/>
    <property name="file.encoding" value="UTF-8"/>
    <property name="user.name" value="marc"/>
    <property name="java.class.path" value="/Applications/NetBeans/Apache NetBeans 12.0.app/Contents/Resources/NetBeans/netbeans/java/maven/boot/plexus-classworlds-2.6.0.jar"/>
    <property name="java.vm.specification.version" value="1.8"/>
    <property name="sun.arch.data.model" value="64"/>
    <property name="java.home" value="/Library/Java/JavaVirtualMachines/jdk1.8.0_71.jdk/Contents/Home/jre"/>
    <property name="sun.java.command" value="org.codehaus.plexus.classworlds.launcher.Launcher -Dtest=ioc.femcoworking.dto.UsuariBOTest -Dmaven.ext.class.path=/Applications/NetBeans/Apache NetBeans 12.0.app/Contents/Resources/NetBeans/netbeans/java/maven-nblib/netbeans-eventspy.jar surefire:test"/>
    <property name="java.specification.vendor" value="Oracle Corporation"/>
    <property name="user.language" value="es"/>
    <property name="awt.toolkit" value="sun.lwawt.macosx.LWCToolkit"/>
    <property name="java.vm.info" value="mixed mode"/>
    <property name="java.version" value="1.8.0_71"/>
    <property name="java.ext.dirs" value="/Users/marc/Library/Java/Extensions:/Library/Java/JavaVirtualMachines/jdk1.8.0_71.jdk/Contents/Home/jre/lib/ext:/Library/Java/Extensions:/Network/Library/Java/Extensions:/System/Library/Java/Extensions:/usr/lib/java"/>
    <property name="sun.boot.class.path" value="/Library/Java/JavaVirtualMachines/jdk1.8.0_71.jdk/Contents/Home/jre/lib/resources.jar:/Library/Java/JavaVirtualMachines/jdk1.8.0_71.jdk/Contents/Home/jre/lib/rt.jar:/Library/Java/JavaVirtualMachines/jdk1.8.0_71.jdk/Contents/Home/jre/lib/sunrsasign.jar:/Library/Java/JavaVirtualMachines/jdk1.8.0_71.jdk/Contents/Home/jre/lib/jsse.jar:/Library/Java/JavaVirtualMachines/jdk1.8.0_71.jdk/Contents/Home/jre/lib/jce.jar:/Library/Java/JavaVirtualMachines/jdk1.8.0_71.jdk/Contents/Home/jre/lib/charsets.jar:/Library/Java/JavaVirtualMachines/jdk1.8.0_71.jdk/Contents/Home/jre/lib/jfr.jar:/Library/Java/JavaVirtualMachines/jdk1.8.0_71.jdk/Contents/Home/jre/classes"/>
    <property name="java.vendor" value="Oracle Corporation"/>
    <property name="maven.home" value="/Applications/NetBeans/Apache NetBeans 12.0.app/Contents/Resources/NetBeans/netbeans/java/maven"/>
    <property name="file.separator" value="/"/>
    <property name="java.vendor.url.bug" value="http://bugreport.sun.com/bugreport/"/>
    <property name="sun.cpu.endian" value="little"/>
    <property name="sun.io.unicode.encoding" value="UnicodeBig"/>
    <property name="socksNonProxyHosts" value="local|*.local|169.254/16|*.169.254/16"/>
    <property name="ftp.nonProxyHosts" value="local|*.local|169.254/16|*.169.254/16"/>
    <property name="sun.cpu.isalist" value=""/>
  </properties>
  <testcase classname="ioc.femcoworking.dto.UsuariBOTest" name="testCanviContransenyaCorrecte" time="0.751"/>
  <testcase classname="ioc.femcoworking.dto.UsuariBOTest" name="testDeshabilitatUsuariSenseSerAdministrador" time="0.037"/>
  <testcase classname="ioc.femcoworking.dto.UsuariBOTest" name="testRegistreNouUsuariEmailJaExistent" time="0.311"/>
  <testcase classname="ioc.femcoworking.dto.UsuariBOTest" name="testDeshabilitatUsuariAmbIdUsuariErroni" time="0.012"/>
  <testcase classname="ioc.femcoworking.dto.UsuariBOTest" name="testLoginNomesUsuari" time="0.018"/>
  <testcase classname="ioc.femcoworking.dto.UsuariBOTest" name="testLogoutUsuari" time="0.02"/>
  <testcase classname="ioc.femcoworking.dto.UsuariBOTest" name="testLoginSensePosarDades" time="0.011"/>
  <testcase classname="ioc.femcoworking.dto.UsuariBOTest" name="testRegistreNouUsuariCorrecte" time="0.015"/>
  <testcase classname="ioc.femcoworking.dto.UsuariBOTest" name="testLoginUsuariCorrecteContrasenyaIncorrecta" time="0.01"/>
  <testcase classname="ioc.femcoworking.dto.UsuariBOTest" name="testLoginUsuariInexistent" time="0.037"/>
  <testcase classname="ioc.femcoworking.dto.UsuariBOTest" name="testLoginCorrecte" time="0.006"/>
  <testcase classname="ioc.femcoworking.dto.UsuariBOTest" name="testLoginNomesContrasenya" time="0.011"/>
  <testcase classname="ioc.femcoworking.dto.UsuariBOTest" name="testLoginUsuariDeshabilitat" time="0.018"/>
  <testcase classname="ioc.femcoworking.dto.UsuariBOTest" name="testRegistreNouUsuariSenseContrasenya" time="0.006"/>
  <testcase classname="ioc.femcoworking.dto.UsuariBOTest" name="testRegistreNouUsuariSenseEmail" time="0.013"/>
  <testcase classname="ioc.femcoworking.dto.UsuariBOTest" name="testCanviContransenyaBuida" time="0.01"/>
  <testcase classname="ioc.femcoworking.dto.UsuariBOTest" name="testDeshabilitatUsuariSenseIdUsuari" time="0.008"/>
  <testcase classname="ioc.femcoworking.dto.UsuariBOTest" name="testLlistarUsuarisNoSentAdministrador" time="0.006"/>
  <testcase classname="ioc.femcoworking.dto.UsuariBOTest" name="testRegistreNouUsuariSenseRol" time="0.009"/>
  <testcase classname="ioc.femcoworking.dto.UsuariBOTest" name="testLlistarUsuarisSentAdministrador" time="0.009"/>
  <testcase classname="ioc.femcoworking.dto.UsuariBOTest" name="testDeshabilitatUsuariSenseSentAdministrador" time="0.009"/>
</testsuite>